[    7163ms] [INFO] 喜欢看豆瓣的代码，还是发现了什么bug？不如和我们一起为豆瓣添砖加瓦吧！
http://jobs.douban.com/#position-zsqd @ https://img1.doubanio.com/f/vendors/e258329ca4b2122b4efe53fddc418967441e0e7f/js/douban.js:3213
[    7444ms] [LOG] voteSelector .vote-comment @ https://img1.doubanio.com/f/vendors/6eba6f43fb7592ab783e390f654c0d6a96b1598e/subject-comments/comments-section.js:0
[    9425ms] [WARNING] An iframe which has both allow-scripts and allow-same-origin for its sandbox attribute can escape its sandboxing. @ https://img1.doubanio.com/ZHdhZ2Y4eC9mL2FkanMvZmE3NGZkMWY5NzhhZmM4NmZhZjMxMTllNTQ5MGIyYWRlNTUwYmI0NS9hZC5yZWxlYXNlLmpz?company_token=kX69T8w1wyOE-dale:1
[   10101ms] [ERROR] Access to XMLHttpRequest at 'https://frodo.douban.com/rohirrim/tracking/impression?subject_id=26707463&isbn=7561383258&source=douban_read&user_id=&bid=1BMsX9Vf6s8&platform=pc&location=vendor_subject' from origin 'https://book.douban.com' has been blocked by CORS policy: No 'Access-Control-Allow-Origin' header is present on the requested resource. @ https://book.douban.com/subject/26707463/:0
[   10102ms] [ERROR] Failed to load resource: net::ERR_FAILED @ https://frodo.douban.com/rohirrim/tracking/impression?subject_id=26707463&isbn=7561383258&source=douban_read&user_id=&bid=1BMsX9Vf6s8&platform=pc&location=vendor_subject:0
[   10102ms] [ERROR] Access to XMLHttpRequest at 'https://frodo.douban.com/rohirrim/tracking/impression?subject_id=26707463&isbn=7561383258&source=douban_read&user_id=&bid=1BMsX9Vf6s8&platform=pc&location=vender_subject_text' from origin 'https://book.douban.com' has been blocked by CORS policy: No 'Access-Control-Allow-Origin' header is present on the requested resource. @ https://book.douban.com/subject/26707463/:0
[   10102ms] [ERROR] Failed to load resource: net::ERR_FAILED @ https://frodo.douban.com/rohirrim/tracking/impression?subject_id=26707463&isbn=7561383258&source=douban_read&user_id=&bid=1BMsX9Vf6s8&platform=pc&location=vender_subject_text:0
[   10102ms] [ERROR] Access to XMLHttpRequest at 'https://frodo.douban.com/rohirrim/tracking/impression?subject_id=26707463&isbn=7561383258&source=dedao&user_id=&bid=1BMsX9Vf6s8&platform=pc&location=vendor_subject' from origin 'https://book.douban.com' has been blocked by CORS policy: No 'Access-Control-Allow-Origin' header is present on the requested resource. @ https://book.douban.com/subject/26707463/:0
[   10102ms] [ERROR] Failed to load resource: net::ERR_FAILED @ https://frodo.douban.com/rohirrim/tracking/impression?subject_id=26707463&isbn=7561383258&source=dedao&user_id=&bid=1BMsX9Vf6s8&platform=pc&location=vendor_subject:0
[   10103ms] [ERROR] Access to XMLHttpRequest at 'https://frodo.douban.com/rohirrim/tracking/impression?subject_id=26707463&isbn=7561383258&source=jingdong&user_id=&bid=1BMsX9Vf6s8&platform=pc&location=vendor_subject' from origin 'https://book.douban.com' has been blocked by CORS policy: No 'Access-Control-Allow-Origin' header is present on the requested resource. @ https://book.douban.com/subject/26707463/:0
[   10103ms] [ERROR] Failed to load resource: net::ERR_FAILED @ https://frodo.douban.com/rohirrim/tracking/impression?subject_id=26707463&isbn=7561383258&source=jingdong&user_id=&bid=1BMsX9Vf6s8&platform=pc&location=vendor_subject:0
[   10103ms] [ERROR] Access to XMLHttpRequest at 'https://frodo.douban.com/rohirrim/tracking/impression?subject_id=26707463&isbn=7561383258&source=dedao&user_id=&bid=1BMsX9Vf6s8&platform=pc&location=vender_subject_text' from origin 'https://book.douban.com' has been blocked by CORS policy: No 'Access-Control-Allow-Origin' header is present on the requested resource. @ https://book.douban.com/subject/26707463/:0
[   10103ms] [ERROR] Failed to load resource: net::ERR_FAILED @ https://frodo.douban.com/rohirrim/tracking/impression?subject_id=26707463&isbn=7561383258&source=dedao&user_id=&bid=1BMsX9Vf6s8&platform=pc&location=vender_subject_text:0
[   10985ms] [LOG] radom:8676 @ https://cdn-ali.onemob.mobi/js/douban_mrec_9.js:0
[   12936ms] [WARNING] [GPT] Slot.getTargeting is deprecated, use Slot.getConfig('targeting') instead.
https://goo.gle/gpt-message#201 @ https://securepubads.g.doubleclick.net/pagead/managed/js/gpt/m202604210101/pubads_impl.js:18
[   13003ms] [ERROR] [FUSE]-GET call to CMP script with book.douban.com responded with the status code - 204 [12997] @ https://cdn.fuseplatform.net/publift/tags/2/3427/fuse.js:2
[   13764ms] [WARNING] [GPT] Using deprecated googletag.encryptedSignalProviders. Please use googletag.secureSignalProviders instead.
https://goo.gle/gpt-message#155 @ https://securepubads.g.doubleclick.net/pagead/managed/js/gpt/m202604210101/pubads_impl.js:18
[   16852ms] [ERROR] Attestation check for Shared Storage on https://www.googleadservices.com failed. @ https://www.googleadservices.com/pagead/managed/js/activeview/current/reach_worklet.html:0
[   24811ms] [ERROR] Failed to load resource: net::ERR_TOO_MANY_REDIRECTS @ https://cm.g.doubleclick.net/pixel?google_nid=semasio_ddp&google_cm&google_hm=MzYwQTAwMjBDNDZCNzQ3NQ%3D%3D&gdpr=0&gdpr_consent=&id5=ID5-6eeeVMcuGqzYvnFtmJBV3vPybFS6JAa5KIyeRZkG6g:0
[   44326ms] [ERROR] Attestation check for Shared Storage on https://www.googleadservices.com failed. @ https://www.googleadservices.com/pagead/managed/js/activeview/current/reach_worklet.html:0
[   68219ms] [ERROR] Attestation check for Shared Storage on https://www.googleadservices.com failed. @ https://www.googleadservices.com/pagead/managed/js/activeview/current/reach_worklet.html:0
[   94874ms] [ERROR] Attestation check for Shared Storage on https://www.googleadservices.com failed. @ https://www.googleadservices.com/pagead/managed/js/activeview/current/reach_worklet.html:0
[  120471ms] [ERROR] Attestation check for Shared Storage on https://www.googleadservices.com failed. @ https://www.googleadservices.com/pagead/managed/js/activeview/current/reach_worklet.html:0
[  146908ms] [ERROR] Attestation check for Shared Storage on https://www.googleadservices.com failed. @ https://www.googleadservices.com/pagead/managed/js/activeview/current/reach_worklet.html:0
